<?xml version="1.0" encoding="UTF-8"?>
<!-- Generated by org.testng.reporters.JUnitReportReporter -->
<testsuite skipped="0" hostname="Umesh-THINK" name="com.carshop.testcases.LoginPageTest" tests="1" failures="0" timestamp="22 Feb 2019 13:04:42 GMT" time="29.317" errors="0">
  <testcase name="homePageMenuTest" time="29.317" classname="com.carshop.testcases.LoginPageTest"/>
</testsuite> <!-- com.carshop.testcases.LoginPageTest -->
